----- Протокол ------ Дата: 18.12.2018 16:17:25 --- 


----- Параметры --------
-in: in.txt
-log: in.txt.log


---- Исходные данные ------
Количество символов: 640
Проигнорировано:   1
Количество строк:  33

---------Промежуточный код----------
---До построения польской записи---
00 tfi(ti,ti)
01 {
02 dti;
03 dti;
04 i=o(i,l);
05 i=i/l-(i+l)*l+l;
06 ei;
07 };
10 g{
11 pl;
12 dti;
13 dti;
14 dti=l;
15 dti;
16 i=i-l;
17 i=a(i);
18 i=i(i,i);
20 dti=l;
21 dti=l;
22 dti;
23 i=i+i;
24 pi;
25 dti=l;
26 dti=k(i);
27 pi;
28 pi;
29 pl;
30 pi;
31 el;
32 };
